<?xml version="1.0" encoding="UTF-8"?>
<!-- Generated by org.testng.reporters.JUnitReportReporter -->
<testsuite hostname="Allans-MacBook-Pro.local" failures="0" tests="1" name="TestCases.TESTCASE3_ValidatePayeeNameIsARequiredField" time="72.535" errors="0" timestamp="16 Aug 2022 14:04:37 GMT" skipped="0">
  <testcase classname="TestCases.TESTCASE3_ValidatePayeeNameIsARequiredField" name="main" time="72.535"/>
</testsuite> <!-- TestCases.TESTCASE3_ValidatePayeeNameIsARequiredField -->
