<?xml version="1.0" encoding="UTF-8"?>
<!-- Generated by org.testng.reporters.JUnitReportReporter -->
<testsuite hostname="Allans-MacBook-Pro.local" failures="0" tests="1" name="TestCases.TESTCASE2_AddNewPayee" time="48.496" errors="0" timestamp="16 Aug 2022 14:04:37 GMT" skipped="0">
  <testcase classname="TestCases.TESTCASE2_AddNewPayee" name="main" time="48.496"/>
</testsuite> <!-- TestCases.TESTCASE2_AddNewPayee -->
