<?xml version="1.0" encoding="UTF-8"?>
<!-- Generated by org.testng.reporters.JUnitReportReporter -->
<testsuite hostname="Allans-MacBook-Pro.local" failures="0" tests="1" name="TestCases.TESTCASE1_PayeesValidation" time="24.221" errors="0" timestamp="16 Aug 2022 14:04:37 GMT" skipped="0">
  <testcase classname="TestCases.TESTCASE1_PayeesValidation" name="main" time="24.221"/>
</testsuite> <!-- TestCases.TESTCASE1_PayeesValidation -->
