<?xml version="1.0" encoding="UTF-8"?>
<!-- Generated by org.testng.reporters.JUnitReportReporter -->
<testsuite hostname="Allans-MacBook-Pro.local" failures="0" tests="1" name="TestCases.TESTCASE1_ContactPage" time="7.030" errors="0" timestamp="20 Aug 2022 08:52:17 GMT" skipped="0">
  <testcase classname="TestCases.TESTCASE1_ContactPage" name="main" time="7.030"/>
</testsuite> <!-- TestCases.TESTCASE1_ContactPage -->
