<?xml version="1.0" encoding="UTF-8"?>
<!-- Generated by org.testng.reporters.JUnitReportReporter -->
<testsuite hostname="Allans-MacBook-Pro.local" failures="0" tests="1" name="TestCases.TESTCASE4_ValidateSorting" time="100.506" errors="0" timestamp="16 Aug 2022 14:04:37 GMT" skipped="0">
  <testcase classname="TestCases.TESTCASE4_ValidateSorting" name="main" time="100.506"/>
</testsuite> <!-- TestCases.TESTCASE4_ValidateSorting -->
